#
# There is insufficient memory for the Java Runtime Environment to continue.
# Native memory allocation (malloc) failed to allocate 1534496 bytes for Chunk::new
# Possible reasons:
#   The system is out of physical RAM or swap space
#   In 32 bit mode, the process size limit was hit
# Possible solutions:
#   Reduce memory load on the system
#   Increase physical memory or swap space
#   Check if swap backing store is full
#   Use 64 bit Java on a 64 bit OS
#   Decrease Java heap size (-Xmx/-Xms)
#   Decrease number of Java threads
#   Decrease Java thread stack sizes (-Xss)
#   Set larger code cache with -XX:ReservedCodeCacheSize=
# This output file may be truncated or incomplete.
#
#  Out of Memory Error (allocation.cpp:390), pid=20008, tid=13356
#
# JRE version: Java(TM) SE Runtime Environment (8.0_91-b15) (build 1.8.0_91-b15)
# Java VM: Java HotSpot(TM) 64-Bit Server VM (25.91-b15 mixed mode windows-amd64 compressed oops)
# Failed to write core dump. Minidumps are not enabled by default on client versions of Windows
#

---------------  T H R E A D  ---------------

Current thread (0x00000000237a5000):  JavaThread "C2 CompilerThread2" daemon [_thread_in_native, id=13356, stack(0x00000000240f0000,0x00000000241f0000)]

Stack: [0x00000000240f0000,0x00000000241f0000]
[error occurred during error reporting (printing stack bounds), id 0xc0000005]

Native frames: (J=compiled Java code, j=interpreted, Vv=VM code, C=native code)


Current CompileTask:
C2:   8235 2047 %     4       nl.tue.ddss.convert.rdf2ifc.StreamIfcWriter::streamRead @ 47 (1309 bytes)


---------------  P R O C E S S  ---------------

Java Threads: ( => current thread )
  0x0000000025a7d800 JavaThread "pool-2-thread-1" [_thread_in_Java, id=17744, stack(0x00000000273c0000,0x00000000274c0000)]
  0x00000000259c2000 JavaThread "pool-1-thread-1" [_thread_blocked, id=3068, stack(0x00000000260f0000,0x00000000261f0000)]
  0x00000000238f5000 JavaThread "Thread-0" [_thread_in_Java, id=18412, stack(0x00000000244f0000,0x00000000245f0000)]
  0x000000002382f800 JavaThread "Service Thread" daemon [_thread_blocked, id=16828, stack(0x00000000242f0000,0x00000000243f0000)]
  0x00000000237a3800 JavaThread "C1 CompilerThread3" daemon [_thread_blocked, id=11260, stack(0x00000000241f0000,0x00000000242f0000)]
=>0x00000000237a5000 JavaThread "C2 CompilerThread2" daemon [_thread_in_native, id=13356, stack(0x00000000240f0000,0x00000000241f0000)]
  0x000000002379d800 JavaThread "C2 CompilerThread1" daemon [_thread_blocked, id=12936, stack(0x0000000023ff0000,0x00000000240f0000)]
  0x0000000023799800 JavaThread "C2 CompilerThread0" daemon [_thread_blocked, id=18804, stack(0x0000000023ef0000,0x0000000023ff0000)]
  0x000000002183d000 JavaThread "Attach Listener" daemon [_thread_blocked, id=6560, stack(0x0000000023df0000,0x0000000023ef0000)]
  0x0000000023746000 JavaThread "Signal Dispatcher" daemon [_thread_blocked, id=20168, stack(0x0000000023cf0000,0x0000000023df0000)]
  0x0000000021834000 JavaThread "Finalizer" daemon [_thread_blocked, id=16596, stack(0x0000000023b00000,0x0000000023c00000)]
  0x00000000032dc000 JavaThread "Reference Handler" daemon [_thread_blocked, id=8816, stack(0x0000000023600000,0x0000000023700000)]
  0x00000000031de800 JavaThread "main" [_thread_blocked, id=19256, stack(0x0000000003010000,0x0000000003110000)]

Other Threads:
  0x0000000021829000 VMThread [stack: 0x0000000023500000,0x0000000023600000] [id=17496]
  0x00000000238e4000 WatcherThread [stack: 0x00000000243f0000,0x00000000244f0000] [id=17536]

VM state:not at safepoint (normal execution)

VM Mutex/Monitor currently owned by a thread: None

Heap:
 PSYoungGen      total 212992K, used 170098K [0x0000000740400000, 0x000000074e400000, 0x00000007c0000000)
  eden space 196608K, 84% used [0x0000000740400000,0x000000074a5acab0,0x000000074c400000)
  from space 16384K, 27% used [0x000000074d400000,0x000000074d870010,0x000000074e400000)
  to   space 16384K, 0% used [0x000000074c400000,0x000000074c400000,0x000000074d400000)
 ParOldGen       total 262144K, used 54814K [0x0000000640c00000, 0x0000000650c00000, 0x0000000740400000)
  object space 262144K, 20% used [0x0000000640c00000,0x0000000644187960,0x0000000650c00000)
 Metaspace       used 13718K, capacity 13866K, committed 14208K, reserved 1060864K
  class space    used 1722K, capacity 1801K, committed 1920K, reserved 1048576K

Card table byte_map: [0x00000000126a0000,0x00000000132a0000] byte_map_base: 0x000000000f49a000

Marking Bits: (ParMarkBitMap*) 0x00000000562f2f70
 Begin Bits: [0x00000000142a0000, 0x000000001a270000)
 End Bits:   [0x000000001a270000, 0x0000000020240000)

Polling page: 0x00000000013e0000

CodeCache: size=245760Kb used=7878Kb max_used=7894Kb free=237881Kb
 bounds [0x00000000032e0000, 0x0000000003ab0000, 0x00000000122e0000]
 total_blobs=2370 nmethods=2030 adapters=252
 compilation: enabled

Compilation events (10 events):
Event: 7.198 Thread 0x0000000023799800 2043       4       java.util.regex.Matcher::find (69 bytes)
Event: 7.203 Thread 0x00000000237a5000 nmethod 2042 0x0000000003a69650 code [0x0000000003a697e0, 0x0000000003a69d58]
Event: 7.209 Thread 0x0000000023799800 nmethod 2043 0x0000000003a65510 code [0x0000000003a656a0, 0x0000000003a65f18]
Event: 7.281 Thread 0x000000002379d800 2044       4       org.apache.jena.graph.impl.LiteralLabelImpl::toString (136 bytes)
Event: 7.285 Thread 0x00000000237a5000 2045       4       java.util.regex.Matcher::replaceAll (59 bytes)
Event: 7.289 Thread 0x00000000237a5000 nmethod 2045 0x0000000003a68fd0 code [0x0000000003a69140, 0x0000000003a69388]
Event: 7.351 Thread 0x000000002379d800 nmethod 2044 0x0000000003a9d810 code [0x0000000003a9da80, 0x0000000003a9f388]
Event: 7.941 Thread 0x0000000023799800 2046       4       java.lang.Long::valueOf (36 bytes)
Event: 7.943 Thread 0x0000000023799800 nmethod 2046 0x0000000003a68bd0 code [0x0000000003a68d20, 0x0000000003a68e38]
Event: 8.153 Thread 0x00000000237a5000 2047 %     4       nl.tue.ddss.convert.rdf2ifc.StreamIfcWriter::streamRead @ 47 (1309 bytes)

GC Heap History (10 events):
Event: 5.419 GC heap before
{Heap before GC invocations=8 (full 0):
 PSYoungGen      total 212992K, used 209912K [0x0000000740400000, 0x000000074e400000, 0x00000007c0000000)
  eden space 196608K, 100% used [0x0000000740400000,0x000000074c400000,0x000000074c400000)
  from space 16384K, 81% used [0x000000074c400000,0x000000074d0fe218,0x000000074d400000)
  to   space 16384K, 0% used [0x000000074d400000,0x000000074d400000,0x000000074e400000)
 ParOldGen       total 262144K, used 24790K [0x0000000640c00000, 0x0000000650c00000, 0x0000000740400000)
  object space 262144K, 9% used [0x0000000640c00000,0x0000000642435af0,0x0000000650c00000)
 Metaspace       used 13714K, capacity 13866K, committed 14208K, reserved 1060864K
  class space    used 1722K, capacity 1801K, committed 1920K, reserved 1048576K
Event: 5.433 GC heap after
Heap after GC invocations=8 (full 0):
 PSYoungGen      total 212992K, used 11552K [0x0000000740400000, 0x000000074e400000, 0x00000007c0000000)
  eden space 196608K, 0% used [0x0000000740400000,0x0000000740400000,0x000000074c400000)
  from space 16384K, 70% used [0x000000074d400000,0x000000074df48030,0x000000074e400000)
  to   space 16384K, 0% used [0x000000074c400000,0x000000074c400000,0x000000074d400000)
 ParOldGen       total 262144K, used 30902K [0x0000000640c00000, 0x0000000650c00000, 0x0000000740400000)
  object space 262144K, 11% used [0x0000000640c00000,0x0000000642a2d930,0x0000000650c00000)
 Metaspace       used 13714K, capacity 13866K, committed 14208K, reserved 1060864K
  class space    used 1722K, capacity 1801K, committed 1920K, reserved 1048576K
}
Event: 5.999 GC heap before
{Heap before GC invocations=9 (full 0):
 PSYoungGen      total 212992K, used 208160K [0x0000000740400000, 0x000000074e400000, 0x00000007c0000000)
  eden space 196608K, 100% used [0x0000000740400000,0x000000074c400000,0x000000074c400000)
  from space 16384K, 70% used [0x000000074d400000,0x000000074df48030,0x000000074e400000)
  to   space 16384K, 0% used [0x000000074c400000,0x000000074c400000,0x000000074d400000)
 ParOldGen       total 262144K, used 30902K [0x0000000640c00000, 0x0000000650c00000, 0x0000000740400000)
  object space 262144K, 11% used [0x0000000640c00000,0x0000000642a2d930,0x0000000650c00000)
 Metaspace       used 13714K, capacity 13866K, committed 14208K, reserved 1060864K
  class space    used 1722K, capacity 1801K, committed 1920K, reserved 1048576K
Event: 6.010 GC heap after
Heap after GC invocations=9 (full 0):
 PSYoungGen      total 212992K, used 13088K [0x0000000740400000, 0x000000074e400000, 0x00000007c0000000)
  eden space 196608K, 0% used [0x0000000740400000,0x0000000740400000,0x000000074c400000)
  from space 16384K, 79% used [0x000000074c400000,0x000000074d0c8030,0x000000074d400000)
  to   space 16384K, 0% used [0x000000074d400000,0x000000074d400000,0x000000074e400000)
 ParOldGen       total 262144K, used 33670K [0x0000000640c00000, 0x0000000650c00000, 0x0000000740400000)
  object space 262144K, 12% used [0x0000000640c00000,0x0000000642ce1930,0x0000000650c00000)
 Metaspace       used 13714K, capacity 13866K, committed 14208K, reserved 1060864K
  class space    used 1722K, capacity 1801K, committed 1920K, reserved 1048576K
}
Event: 6.557 GC heap before
{Heap before GC invocations=10 (full 0):
 PSYoungGen      total 212992K, used 209696K [0x0000000740400000, 0x000000074e400000, 0x00000007c0000000)
  eden space 196608K, 100% used [0x0000000740400000,0x000000074c400000,0x000000074c400000)
  from space 16384K, 79% used [0x000000074c400000,0x000000074d0c8030,0x000000074d400000)
  to   space 16384K, 0% used [0x000000074d400000,0x000000074d400000,0x000000074e400000)
 ParOldGen       total 262144K, used 33670K [0x0000000640c00000, 0x0000000650c00000, 0x0000000740400000)
  object space 262144K, 12% used [0x0000000640c00000,0x0000000642ce1930,0x0000000650c00000)
 Metaspace       used 13714K, capacity 13866K, committed 14208K, reserved 1060864K
  class space    used 1722K, capacity 1801K, committed 1920K, reserved 1048576K
Event: 6.569 GC heap after
Heap after GC invocations=10 (full 0):
 PSYoungGen      total 212992K, used 8864K [0x0000000740400000, 0x000000074e400000, 0x00000007c0000000)
  eden space 196608K, 0% used [0x0000000740400000,0x0000000740400000,0x000000074c400000)
  from space 16384K, 54% used [0x000000074d400000,0x000000074dca8020,0x000000074e400000)
  to   space 16384K, 0% used [0x000000074c400000,0x000000074c400000,0x000000074d400000)
 ParOldGen       total 262144K, used 42086K [0x0000000640c00000, 0x0000000650c00000, 0x0000000740400000)
  object space 262144K, 16% used [0x0000000640c00000,0x0000000643519940,0x0000000650c00000)
 Metaspace       used 13714K, capacity 13866K, committed 14208K, reserved 1060864K
  class space    used 1722K, capacity 1801K, committed 1920K, reserved 1048576K
}
Event: 7.115 GC heap before
{Heap before GC invocations=11 (full 0):
 PSYoungGen      total 212992K, used 205472K [0x0000000740400000, 0x000000074e400000, 0x00000007c0000000)
  eden space 196608K, 100% used [0x0000000740400000,0x000000074c400000,0x000000074c400000)
  from space 16384K, 54% used [0x000000074d400000,0x000000074dca8020,0x000000074e400000)
  to   space 16384K, 0% used [0x000000074c400000,0x000000074c400000,0x000000074d400000)
 ParOldGen       total 262144K, used 42086K [0x0000000640c00000, 0x0000000650c00000, 0x0000000740400000)
  object space 262144K, 16% used [0x0000000640c00000,0x0000000643519940,0x0000000650c00000)
 Metaspace       used 13718K, capacity 13866K, committed 14208K, reserved 1060864K
  class space    used 1722K, capacity 1801K, committed 1920K, reserved 1048576K
Event: 7.126 GC heap after
Heap after GC invocations=11 (full 0):
 PSYoungGen      total 212992K, used 4032K [0x0000000740400000, 0x000000074e400000, 0x00000007c0000000)
  eden space 196608K, 0% used [0x0000000740400000,0x0000000740400000,0x000000074c400000)
  from space 16384K, 24% used [0x000000074c400000,0x000000074c7f0000,0x000000074d400000)
  to   space 16384K, 0% used [0x000000074d400000,0x000000074d400000,0x000000074e400000)
 ParOldGen       total 262144K, used 50894K [0x0000000640c00000, 0x0000000650c00000, 0x0000000740400000)
  object space 262144K, 19% used [0x0000000640c00000,0x0000000643db3960,0x0000000650c00000)
 Metaspace       used 13718K, capacity 13866K, committed 14208K, reserved 1060864K
  class space    used 1722K, capacity 1801K, committed 1920K, reserved 1048576K
}
Event: 7.673 GC heap before
{Heap before GC invocations=12 (full 0):
 PSYoungGen      total 212992K, used 200640K [0x0000000740400000, 0x000000074e400000, 0x00000007c0000000)
  eden space 196608K, 100% used [0x0000000740400000,0x000000074c400000,0x000000074c400000)
  from space 16384K, 24% used [0x000000074c400000,0x000000074c7f0000,0x000000074d400000)
  to   space 16384K, 0% used [0x000000074d400000,0x000000074d400000,0x000000074e400000)
 ParOldGen       total 262144K, used 50894K [0x0000000640c00000, 0x0000000650c00000, 0x0000000740400000)
  object space 262144K, 19% used [0x0000000640c00000,0x0000000643db3960,0x0000000650c00000)
 Metaspace       used 13718K, capacity 13866K, committed 14208K, reserved 1060864K
  class space    used 1722K, capacity 1801K, committed 1920K, reserved 1048576K
Event: 7.682 GC heap after
Heap after GC invocations=12 (full 0):
 PSYoungGen      total 212992K, used 4544K [0x0000000740400000, 0x000000074e400000, 0x00000007c0000000)
  eden space 196608K, 0% used [0x0000000740400000,0x0000000740400000,0x000000074c400000)
  from space 16384K, 27% used [0x000000074d400000,0x000000074d870010,0x000000074e400000)
  to   space 16384K, 0% used [0x000000074c400000,0x000000074c400000,0x000000074d400000)
 ParOldGen       total 262144K, used 54814K [0x0000000640c00000, 0x0000000650c00000, 0x0000000740400000)
  object space 262144K, 20% used [0x0000000640c00000,0x0000000644187960,0x0000000650c00000)
 Metaspace       used 13718K, capacity 13866K, committed 14208K, reserved 1060864K
  class space    used 1722K, capacity 1801K, committed 1920K, reserved 1048576K
}

Deoptimization events (10 events):
Event: 3.420 Thread 0x0000000025a7d800 Uncommon trap: reason=unstable_if action=reinterpret pc=0x00000000039b3704 method=org.apache.jena.riot.lang.LangTurtleBase.triplesNode()Lorg/apache/jena/graph/Node; @ 56
Event: 3.906 Thread 0x0000000025a7d800 Uncommon trap: reason=unstable_if action=reinterpret pc=0x00000000039f0d68 method=sun.misc.FDBigInteger.valueOfMulPow52(JII)Lsun/misc/FDBigInteger; @ 243
Event: 4.209 Thread 0x0000000025a7d800 Uncommon trap: reason=unstable_if action=reinterpret pc=0x00000000039768f0 method=sun.misc.FDBigInteger.leftShift(I)Lsun/misc/FDBigInteger; @ 30
Event: 4.416 Thread 0x0000000025a7d800 Uncommon trap: reason=unstable_if action=reinterpret pc=0x00000000037d85b4 method=org.apache.jena.riot.tokens.TokenizerText.parseToken()Lorg/apache/jena/riot/tokens/Token; @ 1308
Event: 4.416 Thread 0x0000000025a7d800 Uncommon trap: reason=unstable_if action=reinterpret pc=0x000000000362c748 method=org.apache.jena.atlas.io.PeekReader.peekChar()I @ 4
Event: 4.416 Thread 0x0000000025a7d800 Uncommon trap: reason=unstable_if action=reinterpret pc=0x0000000003649a20 method=org.apache.jena.atlas.io.PeekReader.peekChar()I @ 4
Event: 4.841 Thread 0x0000000025a7d800 Uncommon trap: reason=unstable_if action=reinterpret pc=0x0000000003a291fc method=sun.misc.FDBigInteger.leftShift(I)Lsun/misc/FDBigInteger; @ 156
Event: 4.841 Thread 0x0000000025a7d800 Uncommon trap: reason=unstable_if action=reinterpret pc=0x0000000003980498 method=sun.misc.FDBigInteger.cmp(Lsun/misc/FDBigInteger;)I @ 48
Event: 6.051 Thread 0x00000000238f5000 Uncommon trap: reason=unstable_if action=reinterpret pc=0x00000000039ee9c4 method=java.lang.Long.valueOf(J)Ljava/lang/Long; @ 13
Event: 6.986 Thread 0x00000000238f5000 Uncommon trap: reason=unstable_if action=reinterpret pc=0x0000000003a7ad50 method=java.lang.Long.valueOf(J)Ljava/lang/Long; @ 13

Internal exceptions (10 events):
Event: 0.324 Thread 0x00000000031de800 Exception <a 'java/security/PrivilegedActionException'> (0x0000000740a34328) thrown at [C:\re\workspace\8-2-build-windows-amd64-cygwin\jdk8u91\7017\hotspot\src\share\vm\prims\jvm.cpp, line 1386]
Event: 0.324 Thread 0x00000000031de800 Exception <a 'java/security/PrivilegedActionException'> (0x0000000740a34538) thrown at [C:\re\workspace\8-2-build-windows-amd64-cygwin\jdk8u91\7017\hotspot\src\share\vm\prims\jvm.cpp, line 1386]
Event: 0.417 Thread 0x00000000031de800 Exception <a 'java/lang/NoSuchFieldError': method resolution failed> (0x0000000740c096f8) thrown at [C:\re\workspace\8-2-build-windows-amd64-cygwin\jdk8u91\7017\hotspot\src\share\vm\prims\methodHandles.cpp, line 1146]
Event: 0.419 Thread 0x00000000031de800 Exception <a 'java/lang/NoSuchFieldError': method resolution failed> (0x0000000740c16ac8) thrown at [C:\re\workspace\8-2-build-windows-amd64-cygwin\jdk8u91\7017\hotspot\src\share\vm\prims\methodHandles.cpp, line 1146]
Event: 0.447 Thread 0x00000000031de800 Exception <a 'java/security/PrivilegedActionException'> (0x0000000740cb6e68) thrown at [C:\re\workspace\8-2-build-windows-amd64-cygwin\jdk8u91\7017\hotspot\src\share\vm\prims\jvm.cpp, line 1386]
Event: 0.447 Thread 0x00000000031de800 Exception <a 'java/security/PrivilegedActionException'> (0x0000000740cb7078) thrown at [C:\re\workspace\8-2-build-windows-amd64-cygwin\jdk8u91\7017\hotspot\src\share\vm\prims\jvm.cpp, line 1386]
Event: 0.448 Thread 0x00000000031de800 Exception <a 'java/security/PrivilegedActionException'> (0x0000000740cbaec0) thrown at [C:\re\workspace\8-2-build-windows-amd64-cygwin\jdk8u91\7017\hotspot\src\share\vm\prims\jvm.cpp, line 1386]
Event: 0.448 Thread 0x00000000031de800 Exception <a 'java/security/PrivilegedActionException'> (0x0000000740cbb0d0) thrown at [C:\re\workspace\8-2-build-windows-amd64-cygwin\jdk8u91\7017\hotspot\src\share\vm\prims\jvm.cpp, line 1386]
Event: 2.469 Thread 0x00000000238f5000 Exception <a 'java/lang/NoSuchMethodError': java.lang.Object.lambda$and$0(Ljava/util/function/Predicate;Ljava/lang/Object;)Z> (0x0000000746062890) thrown at [C:\re\workspace\8-2-build-windows-amd64-cygwin\jdk8u91\7017\hotspot\src\share\vm\interpreter\linkRqˆ£NÅ9@
Event: 2.528 Thread 0x00000000238f5000 Implicit null exception at 0x00000000037d314f to 0x00000000037d31c1

Events (10 events):
Event: 6.252 Thread 0x0000000025a7d800 DEOPT UNPACKING pc=0x000000000332787f sp=0x00000000274beba8 mode 0
Event: 6.557 Executing VM operation: ParallelGCFailedAllocation
Event: 6.569 Executing VM operation: ParallelGCFailedAllocation done
Event: 6.986 Thread 0x00000000238f5000 Uncommon trap: trap_request=0xffffff65 fr.pc=0x0000000003a7ad50
Event: 6.986 Thread 0x00000000238f5000 DEOPT PACKING pc=0x0000000003a7ad50 sp=0x00000000245eee80
Event: 6.986 Thread 0x00000000238f5000 DEOPT UNPACKING pc=0x000000000332582a sp=0x00000000245eeed8 mode 2
Event: 7.115 Executing VM operation: ParallelGCFailedAllocation
Event: 7.126 Executing VM operation: ParallelGCFailedAllocation done
Event: 7.673 Executing VM operation: ParallelGCFailedAllocation
Event: 7.682 Executing VM operation: ParallelGCFailedAllocation done


Dynamic libraries:
0x00007ff6846c0000 - 0x00007ff6846f7000 	C:\Program Files\Java\jdk1.8.0_91\bin\javaw.exe
0x00007ff8f3040000 - 0x00007ff8f3211000 	C:\WINDOWS\SYSTEM32\ntdll.dll
0x00007ff8f1710000 - 0x00007ff8f17bb000 	C:\WINDOWS\System32\KERNEL32.DLL
0x00007ff8ef520000 - 0x00007ff8ef73d000 	C:\WINDOWS\System32\KERNELBASE.dll
0x00007ff8f1660000 - 0x00007ff8f1702000 	C:\WINDOWS\System32\ADVAPI32.dll
0x00007ff8f0d60000 - 0x00007ff8f0dfe000 	C:\WINDOWS\System32\msvcrt.dll
0x00007ff8f2f40000 - 0x00007ff8f2f99000 	C:\WINDOWS\System32\sechost.dll
0x00007ff8f0480000 - 0x00007ff8f05a1000 	C:\WINDOWS\System32\RPCRT4.dll
0x00007ff8f0780000 - 0x00007ff8f08e5000 	C:\WINDOWS\System32\USER32.dll
0x00007ff8ef2e0000 - 0x00007ff8ef2fe000 	C:\WINDOWS\System32\win32u.dll
0x00007ff8f19e0000 - 0x00007ff8f1a14000 	C:\WINDOWS\System32\GDI32.dll
0x00007ff8f0280000 - 0x00007ff8f0402000 	C:\WINDOWS\System32\gdi32full.dll
0x00007ff8e3a40000 - 0x00007ff8e3cb9000 	C:\WINDOWS\WinSxS\amd64_microsoft.windows.common-controls_6595b64144ccf1df_6.0.14393.447_none_42191651c6827bb3\COMCTL32.dll
0x00007ff8f0f60000 - 0x00007ff8f1228000 	C:\WINDOWS\System32\combase.dll
0x00007ff8eff00000 - 0x00007ff8efff5000 	C:\WINDOWS\System32\ucrtbase.dll
0x00007ff8ef4b0000 - 0x00007ff8ef51a000 	C:\WINDOWS\System32\bcryptPrimitives.dll
0x00007ff8f05b0000 - 0x00007ff8f05de000 	C:\WINDOWS\System32\IMM32.DLL
0x0000000056380000 - 0x0000000056452000 	C:\Program Files\Java\jdk1.8.0_91\jre\bin\msvcr100.dll
0x0000000055ae0000 - 0x0000000056373000 	C:\Program Files\Java\jdk1.8.0_91\jre\bin\server\jvm.dll
0x00007ff8efed0000 - 0x00007ff8efef3000 	C:\WINDOWS\System32\WINMM.dll
0x00007ff8ef290000 - 0x00007ff8ef2bb000 	C:\WINDOWS\System32\WINMMBASE.dll
0x00007ff8f0230000 - 0x00007ff8f0272000 	C:\WINDOWS\System32\cfgmgr32.dll
0x00007ff8e2090000 - 0x00007ff8e2099000 	C:\WINDOWS\SYSTEM32\WSOCK32.dll
0x00007ff8f08f0000 - 0x00007ff8f08f8000 	C:\WINDOWS\System32\PSAPI.DLL
0x00007ff8f0cf0000 - 0x00007ff8f0d5a000 	C:\WINDOWS\System32\WS2_32.dll
0x00007ff8eab70000 - 0x00007ff8eab7a000 	C:\WINDOWS\SYSTEM32\VERSION.dll
0x0000000055ad0000 - 0x0000000055adf000 	C:\Program Files\Java\jdk1.8.0_91\jre\bin\verify.dll
0x0000000055aa0000 - 0x0000000055ac9000 	C:\Program Files\Java\jdk1.8.0_91\jre\bin\java.dll
0x0000000055a80000 - 0x0000000055a96000 	C:\Program Files\Java\jdk1.8.0_91\jre\bin\zip.dll
0x00007ff8f1a30000 - 0x00007ff8f2f39000 	C:\WINDOWS\System32\SHELL32.dll
0x00007ff8ef7f0000 - 0x00007ff8efeca000 	C:\WINDOWS\System32\windows.storage.dll
0x00007ff8ef3b0000 - 0x00007ff8ef3fc000 	C:\WINDOWS\System32\powrprof.dll
0x00007ff8f1920000 - 0x00007ff8f1972000 	C:\WINDOWS\System32\shlwapi.dll
0x00007ff8ef2c0000 - 0x00007ff8ef2cf000 	C:\WINDOWS\System32\kernel.appcore.dll
0x00007ff8ef400000 - 0x00007ff8ef4a9000 	C:\WINDOWS\System32\shcore.dll
0x00007ff8ef270000 - 0x00007ff8ef284000 	C:\WINDOWS\System32\profapi.dll
0x00007ff8eed40000 - 0x00007ff8eed57000 	C:\WINDOWS\SYSTEM32\CRYPTSP.dll
0x00007ff8ee7b0000 - 0x00007ff8ee7e3000 	C:\WINDOWS\system32\rsaenh.dll
0x00007ff8eee50000 - 0x00007ff8eee7b000 	C:\WINDOWS\SYSTEM32\bcrypt.dll
0x00007ff8eea20000 - 0x00007ff8eea3f000 	C:\WINDOWS\SYSTEM32\USERENV.dll
0x00007ff8eed60000 - 0x00007ff8eed6b000 	C:\WINDOWS\SYSTEM32\CRYPTBASE.dll
0x0000000055a60000 - 0x0000000055a7a000 	C:\Program Files\Java\jdk1.8.0_91\jre\bin\net.dll
0x00007ff8eeba0000 - 0x00007ff8eebfc000 	C:\WINDOWS\system32\mswsock.dll
0x00007ff8ee930000 - 0x00007ff8ee968000 	C:\WINDOWS\SYSTEM32\IPHLPAPI.DLL
0x00007ff8f1a20000 - 0x00007ff8f1a28000 	C:\WINDOWS\System32\NSI.dll
0x00007ff8e7670000 - 0x00007ff8e7686000 	C:\WINDOWS\SYSTEM32\dhcpcsvc6.DLL
0x00007ff8e7bd0000 - 0x00007ff8e7bea000 	C:\WINDOWS\SYSTEM32\dhcpcsvc.DLL
0x0000000055a40000 - 0x0000000055a51000 	C:\Program Files\Java\jdk1.8.0_91\jre\bin\nio.dll

VM Arguments:
jvm_args: -Dfile.encoding=UTF-8 
java_command: nl.tue.ddss.bimsparql.WKTTest
java_class_path (initial): E:\Demo\BimSPARQL\target\test-classes;E:\Demo\BimSPARQL\target\classes;C:\Users\Chi\.m2\repository\junit\junit\3.8.1\junit-3.8.1.jar;C:\Users\Chi\.m2\repository\org\apache\jena\jena-spatial\3.0.0\jena-spatial-3.0.0.jar;C:\Users\Chi\.m2\repository\org\apache\jena\jena-tdb\3.0.0\jena-tdb-3.0.0.jar;C:\Users\Chi\.m2\repository\org\apache\lucene\lucene-core\4.9.1\lucene-core-4.9.1.jar;C:\Users\Chi\.m2\repository\org\apache\lucene\lucene-spatial\4.9.1\lucene-spatial-4.9.1.jar;C:\Users\Chi\.m2\repository\org\apache\lucene\lucene-queries\4.9.1\lucene-queries-4.9.1.jar;C:\Users\Chi\.m2\repository\org\apache\lucene\lucene-analyzers-common\4.9.1\lucene-analyzers-common-4.9.1.jar;C:\Users\Chi\.m2\repository\org\apache\lucene\lucene-queryparser\4.9.1\lucene-queryparser-4.9.1.jar;C:\Users\Chi\.m2\repository\org\apache\lucene\lucene-sandbox\4.9.1\lucene-sandbox-4.9.1.jar;C:\Users\Chi\.m2\repository\com\spatial4j\spatial4j\0.4.1\spatial4j-0.4.1.jar;C:\Users\Chi\.m2\repository\org\apache\solr\solr-solrj\4.9.1\solr-solrj-4.9.1.jar;C:\Users\Chi\.m2\repository\commons-io\commons-io\2.3\commons-io-2.3.jar;C:\Users\Chi\.m2\repository\org\apache\httpcomponents\httpclient\4.3.1\httpclient-4.3.1.jar;C:\Users\Chi\.m2\repository\org\apache\httpcomponents\httpcore\4.3\httpcore-4.3.jar;C:\Users\Chi\.m2\repository\org\apache\httpcomponents\httpmime\4.3.1\httpmime-4.3.1.jar;C:\Users\Chi\.m2\repository\org\apache\zookeeper\zookeeper\3.4.6\zookeeper-3.4.6.jar;C:\Users\Chi\.m2\repository\org\codehaus\woodstox\wstx-asl\3.2.7\wstx-asl-3.2.7.jar;C:\Users\Chi\.m2\repository\org\noggit\noggit\0.5\noggit-0.5.jar;C:\Users\Chi\.m2\repository\org\slf4j\slf4j-api\1.7.12\slf4j-api-1.7.12.jar;C:\Users\Chi\.m2\repository\org\slf4j\slf4j-log4j12\1.7.12\slf4j-log4j12-1.7.12.jar;C:\Users\Chi\.m2\repository\log4j\log4j\1.2.17\log4j-1.2.17.jar;C:\Users\Chi\.m2\repository\org\topbraid\spin\2.0.0\spin-2.0.0.jar;C:\Users\Chi\.m2\repository\org\apache\jena\jena-arq\3.0.1\jena-arq-3.0.1.jar;C:
Launcher Type: SUN_STANDARD

Environment Variables:
JAVA_HOME=C:\Program Files\Java\jdk1.8.0_91
CLASSPATH=C:\Program Files\Java\jdk1.7.0_10
PATH=c:/Program Files/Java/jdk1.7.0_10/jre/bin/server;c:/Program Files/Java/jdk1.7.0_10/jre/bin;c:/Program Files/Java/jdk1.7.0_10/jre/lib/amd64;C:\ProgramData\Oracle\Java\javapath;C:\Program Files (x86)\NVIDIA Corporation\PhysX\Common;C:\Windows\system32;C:\Windows;C:\Windows\System32\Wbem;C:\Windows\System32\WindowsPowerShell\v1.0\;C:\Program Files\Java\jdk1.8.0_91\bin;E:\Program Files\apache-maven-3.1.1\bin;C:\WINDOWS\system32;C:\WINDOWS;C:\WINDOWS\System32\Wbem;C:\WINDOWS\System32\WindowsPowerShell\v1.0\;C:\Program Files\Common Files\Autodesk Shared\;C:\Program Files\TortoiseHg\;C:\Program Files\Java\Java3D\1.5.1\bin\;C:\Program Files (x86)\Skype\Phone\;C:\Program Files (x86)\EaseUS\Todo Backup\bin;C:\Program Files (x86)\Autodesk\Backburner\;C:\Users\Chi\.dnx\bin;C:\Program Files\Microsoft DNX\Dnvm\;C:\Program Files\Microsoft SQL Server\130\Tools\Binn\;C:\Program Files (x86)\Windows Kits\8.1\Windows Performance Toolkit\;c:\Program Files\Java\jdk1.7.0_10\bin;D:\LaTex1\miktex\bin\x64\;C:\Users\Chi\AppData\Local\Programs\MiKTeX 2.9\miktex\bin\x64\;%USERPROFILE%\AppData\Local\Microsoft\WindowsApps;C:\Program Files (x86)\EaseUS\Todo Backup\bin\x64\;D:\Program Files\eclipse\jee-mars\eclipse;
USERNAME=Chi
OS=Windows_NT
PROCESSOR_IDENTIFIER=Intel64 Family 6 Model 42 Stepping 7, GenuineIntel



---------------  S Y S T E M  ---------------

OS: Windows 10.0 , 64 bit Build 14393 (10.0.14393.0)

CPU:total 8 (4 cores per cpu, 2 threads per core) family 6 model 42 stepping 7, cmov, cx8, fxsr, mmx, sse, sse2, sse3, ssse3, sse4.1, sse4.2, popcnt, avx, aes, clmul, ht, tsc, tscinvbit

Memory: 4k page, physical 25114984k(7491524k free), swap 25114984k(4436k free)

vm_info: Java HotSpot(TM) 64-Bit Server VM (25.91-b15) for windows-amd64 JRE (1.8.0_91-b15), built on May 20 2016 17:43:15 by "java_re" with MS VC++ 10.0 (VS2010)

time: Wed Feb 08 00:34:39 2017
elapsed time: 8 seconds (0d 0h 0m 8s)

